PHP Warning:  Module 'zip' already loaded in Unknown on line 0
PHP Warning:  Module 'zip' already loaded in Unknown on line 0
PHP Warning:  Module 'zip' already loaded in Unknown on line 0
PHP Warning:  Module 'zip' already loaded in Unknown on line 0
PHP Warning:  Module 'zip' already loaded in Unknown on line 0
PHP Warning:  Module 'zip' already loaded in Unknown on line 0
PHP Warning:  Module 'zip' already loaded in Unknown on line 0
PHP Warning:  Module 'zip' already loaded in Unknown on line 0
PHP Warning:  Module 'zip' already loaded in Unknown on line 0
PHP Warning:  Module 'zip' already loaded in Unknown on line 0
PHP Warning:  Module 'zip' already loaded in Unknown on line 0
PHP Warning:  Module 'zip' already loaded in Unknown on line 0
PHP Warning:  Module 'zip' already loaded in Unknown on line 0
PHP Warning:  Module 'zip' already loaded in Unknown on line 0
PHP Warning:  Module 'zip' already loaded in Unknown on line 0
PHP Warning:  Module 'zip' already loaded in Unknown on line 0
PHP Warning:  Module 'zip' already loaded in Unknown on line 0
PHP Warning:  Module 'zip' already loaded in Unknown on line 0
PHP Warning:  Module 'zip' already loaded in Unknown on line 0

Отправляем рассылку для Виджен +7-701-711-38-81 в 2023-12-15 10:15:52
PHP Warning:  Module 'zip' already loaded in Unknown on line 0

Отправляем рассылку для Виджен +7-701-711-38-81 в 2023-12-15 10:15:53
Создали файл: beaf1651-0fc8-4bdc-a079-0e221fb02f6b
Заходим в условия отправки шаблона: template_image
Удаляем из рассылки: +7-701-711-38-81
Причина: 

PHP Warning:  Module 'zip' already loaded in Unknown on line 0
PHP Warning:  Module 'zip' already loaded in Unknown on line 0
PHP Warning:  Module 'zip' already loaded in Unknown on line 0
PHP Warning:  Module 'zip' already loaded in Unknown on line 0
PHP Warning:  Module 'zip' already loaded in Unknown on line 0
PHP Warning:  Module 'zip' already loaded in Unknown on line 0
PHP Warning:  Module 'zip' already loaded in Unknown on line 0
PHP Warning:  Module 'zip' already loaded in Unknown on line 0
PHP Warning:  Module 'zip' already loaded in Unknown on line 0
PHP Warning:  Module 'zip' already loaded in Unknown on line 0
PHP Warning:  Module 'zip' already loaded in Unknown on line 0
PHP Warning:  Module 'zip' already loaded in Unknown on line 0
PHP Warning:  Module 'zip' already loaded in Unknown on line 0
PHP Warning:  Module 'zip' already loaded in Unknown on line 0
PHP Warning:  Module 'zip' already loaded in Unknown on line 0
PHP Warning:  Module 'zip' already loaded in Unknown on line 0
PHP Warning:  Module 'zip' already loaded in Unknown on line 0
PHP Warning:  Module 'zip' already loaded in Unknown on line 0
PHP Warning:  Module 'zip' already loaded in Unknown on line 0
PHP Warning:  Module 'zip' already loaded in Unknown on line 0
PHP Warning:  Module 'zip' already loaded in Unknown on line 0
PHP Warning:  Module 'zip' already loaded in Unknown on line 0
PHP Warning:  Module 'zip' already loaded in Unknown on line 0
PHP Warning:  Module 'zip' already loaded in Unknown on line 0
PHP Warning:  Module 'zip' already loaded in Unknown on line 0
PHP Warning:  Module 'zip' already loaded in Unknown on line 0
PHP Warning:  Module 'zip' already loaded in Unknown on line 0
PHP Warning:  Module 'zip' already loaded in Unknown on line 0
PHP Warning:  Module 'zip' already loaded in Unknown on line 0
PHP Warning:  Module 'zip' already loaded in Unknown on line 0
PHP Warning:  Module 'zip' already loaded in Unknown on line 0
PHP Warning:  Module 'zip' already loaded in Unknown on line 0
PHP Warning:  Module 'zip' already loaded in Unknown on line 0
PHP Warning:  Module 'zip' already loaded in Unknown on line 0
PHP Warning:  Module 'zip' already loaded in Unknown on line 0
PHP Warning:  Module 'zip' already loaded in Unknown on line 0
PHP Warning:  Module 'zip' already loaded in Unknown on line 0
PHP Warning:  Module 'zip' already loaded in Unknown on line 0
PHP Warning:  Module 'zip' already loaded in Unknown on line 0
PHP Warning:  Module 'zip' already loaded in Unknown on line 0
PHP Warning:  Module 'zip' already loaded in Unknown on line 0
PHP Warning:  Module 'zip' already loaded in Unknown on line 0
PHP Warning:  Module 'zip' already loaded in Unknown on line 0
PHP Warning:  Module 'zip' already loaded in Unknown on line 0
PHP Warning:  Module 'zip' already loaded in Unknown on line 0
PHP Warning:  Module 'zip' already loaded in Unknown on line 0
PHP Warning:  Module 'zip' already loaded in Unknown on line 0
PHP Warning:  Module 'zip' already loaded in Unknown on line 0
PHP Warning:  Module 'zip' already loaded in Unknown on line 0
PHP Warning:  Module 'zip' already loaded in Unknown on line 0
PHP Warning:  Module 'zip' already loaded in Unknown on line 0
PHP Warning:  Module 'zip' already loaded in Unknown on line 0
PHP Warning:  Module 'zip' already loaded in Unknown on line 0
PHP Warning:  Module 'zip' already loaded in Unknown on line 0
PHP Warning:  Module 'zip' already loaded in Unknown on line 0
PHP Warning:  Module 'zip' already loaded in Unknown on line 0
PHP Warning:  Module 'zip' already loaded in Unknown on line 0
PHP Warning:  Module 'zip' already loaded in Unknown on line 0
PHP Warning:  Module 'zip' already loaded in Unknown on line 0
PHP Warning:  Module 'zip' already loaded in Unknown on line 0
PHP Warning:  Module 'zip' already loaded in Unknown on line 0
PHP Warning:  Module 'zip' already loaded in Unknown on line 0
PHP Warning:  Module 'zip' already loaded in Unknown on line 0
PHP Warning:  Module 'zip' already loaded in Unknown on line 0

Отправляем рассылку для Алексей +7-701-431-75-55 в 2023-12-15 10:18:42
Создали файл: beaf1651-0fc8-4bdc-a079-0e221fb02f6b
Заходим в условия отправки шаблона: template_image
PHP Warning:  Module 'zip' already loaded in Unknown on line 0

Отправляем рассылку для Алексей +7-701-431-75-55 в 2023-12-15 10:18:44
Создали файл: beaf1651-0fc8-4bdc-a079-0e221fb02f6b
Заходим в условия отправки шаблона: template_image_1
Рассылка отправлена для Алексей +7-701-431-75-55 в 2023-12-15 10:18:46


Отправляем рассылку для Султан +7-701-788-18-08 в 2023-12-15 10:24:03
Создали файл: beaf1651-0fc8-4bdc-a079-0e221fb02f6b
Заходим в условия отправки шаблона: template_image_1
Рассылка отправлена для Султан +7-701-788-18-08 в 2023-12-15 10:24:06


Отправляем рассылку для Татьяна +7-701-883-00-30 в 2023-12-15 10:29:55
Создали файл: beaf1651-0fc8-4bdc-a079-0e221fb02f6b
Заходим в условия отправки шаблона: template_image
Рассылка отправлена для Татьяна +7-701-883-00-30 в 2023-12-15 10:29:58


Отправляем рассылку для Дина +7-777-033-99-33 в 2023-12-15 10:35:00
Создали файл: beaf1651-0fc8-4bdc-a079-0e221fb02f6b
Заходим в условия отправки шаблона: template_image
Рассылка отправлена для Дина +7-777-033-99-33 в 2023-12-15 10:35:03


Отправляем рассылку для Руслан +7-707-888-17-77 в 2023-12-15 10:40:25
Создали файл: beaf1651-0fc8-4bdc-a079-0e221fb02f6b
Заходим в условия отправки шаблона: template_image_1
Рассылка отправлена для Руслан +7-707-888-17-77 в 2023-12-15 10:40:27


Отправляем рассылку для Анель +7-701-984-30-98 в 2023-12-15 10:45:53
Создали файл: beaf1651-0fc8-4bdc-a079-0e221fb02f6b
Заходим в условия отправки шаблона: template_image_1
Рассылка отправлена для Анель +7-701-984-30-98 в 2023-12-15 10:45:56


Отправляем рассылку для Ерлан +7-701-707-30-11 в 2023-12-15 10:51:32
Создали файл: beaf1651-0fc8-4bdc-a079-0e221fb02f6b
Заходим в условия отправки шаблона: template_image
Рассылка отправлена для Ерлан +7-701-707-30-11 в 2023-12-15 10:51:35


Отправляем рассылку для Шынар +7-701-555-53-02 в 2023-12-15 10:56:38
Создали файл: beaf1651-0fc8-4bdc-a079-0e221fb02f6b
Заходим в условия отправки шаблона: template_image_1
Рассылка отправлена для Шынар +7-701-555-53-02 в 2023-12-15 10:56:40


Отправляем рассылку для Татьяна +7-701-744-11-30 в 2023-12-15 11:02:18
Создали файл: beaf1651-0fc8-4bdc-a079-0e221fb02f6b
Заходим в условия отправки шаблона: template_image_1
Рассылка отправлена для Татьяна +7-701-744-11-30 в 2023-12-15 11:02:21


Отправляем рассылку для Улан +7-705-555-44-43 в 2023-12-15 11:07:51
Создали файл: beaf1651-0fc8-4bdc-a079-0e221fb02f6b
Заходим в условия отправки шаблона: template_image
Рассылка отправлена для Улан +7-705-555-44-43 в 2023-12-15 11:07:54


Отправляем рассылку для Аскар +7-708-777-77-22 в 2023-12-15 11:13:36
Создали файл: beaf1651-0fc8-4bdc-a079-0e221fb02f6b
Заходим в условия отправки шаблона: template_image
Рассылка отправлена для Аскар +7-708-777-77-22 в 2023-12-15 11:13:39


Отправляем рассылку для Андрей +7-707-816-51-97 в 2023-12-15 11:18:55
Создали файл: beaf1651-0fc8-4bdc-a079-0e221fb02f6b
Заходим в условия отправки шаблона: template_image_1
Рассылка отправлена для Андрей +7-707-816-51-97 в 2023-12-15 11:19:02


Отправляем рассылку для Владимир +7-706-600-63-00 в 2023-12-15 11:24:37
Создали файл: beaf1651-0fc8-4bdc-a079-0e221fb02f6b
Заходим в условия отправки шаблона: template_image_1
Рассылка отправлена для Владимир +7-706-600-63-00 в 2023-12-15 11:24:40


Отправляем рассылку для Айшолпан +7-771-103-50-50 в 2023-12-15 11:29:48
Создали файл: beaf1651-0fc8-4bdc-a079-0e221fb02f6b
Заходим в условия отправки шаблона: template_image_1
Рассылка отправлена для Айшолпан +7-771-103-50-50 в 2023-12-15 11:29:50


Отправляем рассылку для Алекс +7-707-101-99-66 в 2023-12-15 11:34:52
Создали файл: beaf1651-0fc8-4bdc-a079-0e221fb02f6b
Заходим в условия отправки шаблона: template_image_1
Рассылка отправлена для Алекс +7-707-101-99-66 в 2023-12-15 11:34:55


Отправляем рассылку для Ассан +7-700-900-20-00 в 2023-12-15 11:40:00
Создали файл: beaf1651-0fc8-4bdc-a079-0e221fb02f6b
Заходим в условия отправки шаблона: template_image_1
Рассылка отправлена для Ассан +7-700-900-20-00 в 2023-12-15 11:40:03


Отправляем рассылку для Магомед +7-708-777-77-47 в 2023-12-15 11:45:30
Создали файл: beaf1651-0fc8-4bdc-a079-0e221fb02f6b
Заходим в условия отправки шаблона: template_image
Рассылка отправлена для Магомед +7-708-777-77-47 в 2023-12-15 11:45:32


Отправляем рассылку для Павел +7-777-771-85-16 в 2023-12-15 11:50:58
Создали файл: beaf1651-0fc8-4bdc-a079-0e221fb02f6b
Заходим в условия отправки шаблона: template_image_1
Рассылка отправлена для Павел +7-777-771-85-16 в 2023-12-15 11:51:02


Отправляем рассылку для Григорий +7-705-261-50-91 в 2023-12-15 11:56:37
Создали файл: beaf1651-0fc8-4bdc-a079-0e221fb02f6b
Заходим в условия отправки шаблона: template_image_1
Рассылка отправлена для Григорий +7-705-261-50-91 в 2023-12-15 11:56:40


Отправляем рассылку для Халмурат +7-701-685-23-03 в 2023-12-15 12:02:12
Создали файл: beaf1651-0fc8-4bdc-a079-0e221fb02f6b
Заходим в условия отправки шаблона: template_image
Рассылка отправлена для Халмурат +7-701-685-23-03 в 2023-12-15 12:02:14


Отправляем рассылку для Александр +7-777-211-84-61 в 2023-12-15 12:07:55
Создали файл: beaf1651-0fc8-4bdc-a079-0e221fb02f6b
Заходим в условия отправки шаблона: template_image_1
Рассылка отправлена для Александр +7-777-211-84-61 в 2023-12-15 12:07:58


Отправляем рассылку для Тимур +7-702-697-77-77 в 2023-12-15 12:13:42
Создали файл: beaf1651-0fc8-4bdc-a079-0e221fb02f6b
Заходим в условия отправки шаблона: template_image_1
Рассылка отправлена для Тимур +7-702-697-77-77 в 2023-12-15 12:13:45


Отправляем рассылку для Алексей +7-705-212-02-05 в 2023-12-15 12:19:17
Создали файл: beaf1651-0fc8-4bdc-a079-0e221fb02f6b
Заходим в условия отправки шаблона: template_image_1
Рассылка отправлена для Алексей +7-705-212-02-05 в 2023-12-15 12:19:19


Отправляем рассылку для Адам +7-778-000-66-06 в 2023-12-15 12:24:54
Создали файл: beaf1651-0fc8-4bdc-a079-0e221fb02f6b
Заходим в условия отправки шаблона: template_image
Рассылка отправлена для Адам +7-778-000-66-06 в 2023-12-15 12:24:58


Отправляем рассылку для Саид +7-706-677-47-74 в 2023-12-15 12:30:45
Создали файл: beaf1651-0fc8-4bdc-a079-0e221fb02f6b
Заходим в условия отправки шаблона: template_image_1
Удаляем из рассылки: +7-706-677-47-74
Причина: Recipient is not a valid WhatsApp user


Отправляем рассылку для Чингиз +7-701-057-88-88 в 2023-12-15 12:35:53
Создали файл: 

Отправляем рассылку для Чингиз +7-701-057-88-88 в 2023-12-15 12:41:12
Создали файл: beaf1651-0fc8-4bdc-a079-0e221fb02f6b
Заходим в условия отправки шаблона: template_image
Рассылка отправлена для Чингиз +7-701-057-88-88 в 2023-12-15 12:41:15


Отправляем рассылку для Евгения +7-707-733-33-48 в 2023-12-15 12:46:50
Создали файл: beaf1651-0fc8-4bdc-a079-0e221fb02f6b
Заходим в условия отправки шаблона: template_image_1
Рассылка отправлена для Евгения +7-707-733-33-48 в 2023-12-15 12:46:53


Отправляем рассылку для Денис +7-707-788-88-85 в 2023-12-15 12:52:20
Создали файл: beaf1651-0fc8-4bdc-a079-0e221fb02f6b
Заходим в условия отправки шаблона: template_image
Рассылка отправлена для Денис +7-707-788-88-85 в 2023-12-15 12:52:23


Отправляем рассылку для Данияр +7-700-545-01-08 в 2023-12-15 12:58:13
Создали файл: beaf1651-0fc8-4bdc-a079-0e221fb02f6b
Заходим в условия отправки шаблона: template_image
Рассылка отправлена для Данияр +7-700-545-01-08 в 2023-12-15 12:58:16


Отправляем рассылку для Владимир +7-775-069-21-35 в 2023-12-15 13:04:04
Создали файл: beaf1651-0fc8-4bdc-a079-0e221fb02f6b
Заходим в условия отправки шаблона: template_image
Удаляем из рассылки: +7-775-069-21-35
Причина: Recipient is not a valid WhatsApp user


Отправляем рассылку для Лиза +7-701-777-09-85 в 2023-12-15 13:09:39
Создали файл: beaf1651-0fc8-4bdc-a079-0e221fb02f6b
Заходим в условия отправки шаблона: template_image
Рассылка отправлена для Лиза +7-701-777-09-85 в 2023-12-15 13:09:42


Отправляем рассылку для Елена +7-776-298-63-31 в 2023-12-15 13:14:46
Создали файл: beaf1651-0fc8-4bdc-a079-0e221fb02f6b
Заходим в условия отправки шаблона: template_image
Рассылка отправлена для Елена +7-776-298-63-31 в 2023-12-15 13:14:49


Отправляем рассылку для Аслан +7-747-157-50-16 в 2023-12-15 13:20:11
Создали файл: beaf1651-0fc8-4bdc-a079-0e221fb02f6b
Заходим в условия отправки шаблона: template_image
Рассылка отправлена для Аслан +7-747-157-50-16 в 2023-12-15 13:20:16


Отправляем рассылку для Алишер  +7-702-524-24-03 в 2023-12-15 13:25:21
Создали файл: beaf1651-0fc8-4bdc-a079-0e221fb02f6b
Заходим в условия отправки шаблона: template_image_1
Рассылка отправлена для Алишер  +7-702-524-24-03 в 2023-12-15 13:25:24


Отправляем рассылку для Алмас +7-707-855-05-92 в 2023-12-15 13:30:55
Создали файл: beaf1651-0fc8-4bdc-a079-0e221fb02f6b
Заходим в условия отправки шаблона: template_image_1
Рассылка отправлена для Алмас +7-707-855-05-92 в 2023-12-15 13:30:58


Отправляем рассылку для Вячеслав +7-705-313-17-97 в 2023-12-15 13:36:21
Создали файл: beaf1651-0fc8-4bdc-a079-0e221fb02f6b
Заходим в условия отправки шаблона: template_image_1
Рассылка отправлена для Вячеслав +7-705-313-17-97 в 2023-12-15 13:36:24


Отправляем рассылку для Виктория +7-705-555-65-72 в 2023-12-15 13:41:52
Создали файл: beaf1651-0fc8-4bdc-a079-0e221fb02f6b
Заходим в условия отправки шаблона: template_image_1
Удаляем из рассылки: +7-705-555-65-72
Причина: Recipient is not a valid WhatsApp user


Отправляем рассылку для Матвей +7-700-341-45-75 в 2023-12-15 13:47:02
Создали файл: beaf1651-0fc8-4bdc-a079-0e221fb02f6b
Заходим в условия отправки шаблона: template_image
Рассылка отправлена для Матвей +7-700-341-45-75 в 2023-12-15 13:47:05


Отправляем рассылку для Николай +7-707-123-42-72 в 2023-12-15 13:52:46
Создали файл: beaf1651-0fc8-4bdc-a079-0e221fb02f6b
Заходим в условия отправки шаблона: template_image
Рассылка отправлена для Николай +7-707-123-42-72 в 2023-12-15 13:52:50


Отправляем рассылку для Ая +7-701-482-08-60 в 2023-12-15 13:58:05
Создали файл: beaf1651-0fc8-4bdc-a079-0e221fb02f6b
Заходим в условия отправки шаблона: template_image_1
Удаляем из рассылки: +7-701-482-08-60
Причина: Recipient is not a valid WhatsApp user


Отправляем рассылку для Талап +7-776-099-66-63 в 2023-12-15 14:03:50
Создали файл: beaf1651-0fc8-4bdc-a079-0e221fb02f6b
Заходим в условия отправки шаблона: template_image_1
Рассылка отправлена для Талап +7-776-099-66-63 в 2023-12-15 14:03:53


Отправляем рассылку для Нурлы +7-708-111-01-84 в 2023-12-15 14:09:21
Создали файл: beaf1651-0fc8-4bdc-a079-0e221fb02f6b
Заходим в условия отправки шаблона: template_image_1
Рассылка отправлена для Нурлы +7-708-111-01-84 в 2023-12-15 14:09:24


Отправляем рассылку для Сакен +7-707-351-34-44 в 2023-12-15 14:15:04
Создали файл: beaf1651-0fc8-4bdc-a079-0e221fb02f6b
Заходим в условия отправки шаблона: template_image
Рассылка отправлена для Сакен +7-707-351-34-44 в 2023-12-15 14:15:08


Отправляем рассылку для Шаймардан +7-771-454-88-08 в 2023-12-15 14:20:38
Создали файл: beaf1651-0fc8-4bdc-a079-0e221fb02f6b
Заходим в условия отправки шаблона: template_image_1
Рассылка отправлена для Шаймардан +7-771-454-88-08 в 2023-12-15 14:20:42


Отправляем рассылку для Raikhana +7-778-010-02-10 в 2023-12-15 14:26:10
Создали файл: beaf1651-0fc8-4bdc-a079-0e221fb02f6b
Заходим в условия отправки шаблона: template_image_1
Рассылка отправлена для Raikhana +7-778-010-02-10 в 2023-12-15 14:26:13


Отправляем рассылку для Кайрат +7-701-760-64-36 в 2023-12-15 14:31:46
Создали файл: beaf1651-0fc8-4bdc-a079-0e221fb02f6b
Заходим в условия отправки шаблона: template_image
Рассылка отправлена для Кайрат +7-701-760-64-36 в 2023-12-15 14:31:48


Отправляем рассылку для Ruslan +7-701-555-31-49 в 2023-12-15 14:37:34
Создали файл: beaf1651-0fc8-4bdc-a079-0e221fb02f6b
Заходим в условия отправки шаблона: template_image_1
Рассылка отправлена для Ruslan +7-701-555-31-49 в 2023-12-15 14:37:37


Отправляем рассылку для Асхат +7-702-911-81-80 в 2023-12-15 14:42:40
Создали файл: beaf1651-0fc8-4bdc-a079-0e221fb02f6b
Заходим в условия отправки шаблона: template_image_1
Рассылка отправлена для Асхат +7-702-911-81-80 в 2023-12-15 14:42:43


Отправляем рассылку для Наталья +7-701-552-44-42 в 2023-12-15 14:48:07
Создали файл: beaf1651-0fc8-4bdc-a079-0e221fb02f6b
Заходим в условия отправки шаблона: template_image_1
Рассылка отправлена для Наталья +7-701-552-44-42 в 2023-12-15 14:48:11


Отправляем рассылку для Maxim +7-701-599-67-98 в 2023-12-15 14:53:58
Создали файл: beaf1651-0fc8-4bdc-a079-0e221fb02f6b
Заходим в условия отправки шаблона: template_image
Рассылка отправлена для Maxim +7-701-599-67-98 в 2023-12-15 14:54:01


Отправляем рассылку для Айсулу +7-701-404-54-13 в 2023-12-15 14:59:10
Создали файл: beaf1651-0fc8-4bdc-a079-0e221fb02f6b
Заходим в условия отправки шаблона: template_image_1
Рассылка отправлена для Айсулу +7-701-404-54-13 в 2023-12-15 14:59:14


Отправляем рассылку для Абдул +7-705-387-90-69 в 2023-12-15 15:05:04
Создали файл: beaf1651-0fc8-4bdc-a079-0e221fb02f6b
Заходим в условия отправки шаблона: template_image_1
Рассылка отправлена для Абдул +7-705-387-90-69 в 2023-12-15 15:05:09


Отправляем рассылку для Бауржан +7-701-777-77-99 в 2023-12-15 15:10:45
Создали файл: beaf1651-0fc8-4bdc-a079-0e221fb02f6b
Заходим в условия отправки шаблона: template_image_1
Рассылка отправлена для Бауржан +7-701-777-77-99 в 2023-12-15 15:10:53


Отправляем рассылку для Максим +7-707-176-66-64 в 2023-12-15 15:15:57
Создали файл: beaf1651-0fc8-4bdc-a079-0e221fb02f6b
Заходим в условия отправки шаблона: template_image_1
Рассылка отправлена для Максим +7-707-176-66-64 в 2023-12-15 15:16:00


Отправляем рассылку для Мурат +7-701-744-61-71 в 2023-12-15 15:21:38
Создали файл: beaf1651-0fc8-4bdc-a079-0e221fb02f6b
Заходим в условия отправки шаблона: template_image
Рассылка отправлена для Мурат +7-701-744-61-71 в 2023-12-15 15:21:41


Отправляем рассылку для Алан +7-701-999-33-44 в 2023-12-15 15:27:20
Создали файл: beaf1651-0fc8-4bdc-a079-0e221fb02f6b
Заходим в условия отправки шаблона: template_image
Рассылка отправлена для Алан +7-701-999-33-44 в 2023-12-15 15:27:23


Отправляем рассылку для Birzhansal +7-701-774-70-77 в 2023-12-15 15:32:28
Создали файл: beaf1651-0fc8-4bdc-a079-0e221fb02f6b
Заходим в условия отправки шаблона: template_image_1
Рассылка отправлена для Birzhansal +7-701-774-70-77 в 2023-12-15 15:32:34


Отправляем рассылку для Данияр +7-701-127-27-27 в 2023-12-15 15:37:44
Создали файл: beaf1651-0fc8-4bdc-a079-0e221fb02f6b
Заходим в условия отправки шаблона: template_image
Рассылка отправлена для Данияр +7-701-127-27-27 в 2023-12-15 15:37:47


Отправляем рассылку для Досжан +7-775-018-00-77 в 2023-12-15 15:43:30
Создали файл: beaf1651-0fc8-4bdc-a079-0e221fb02f6b
Заходим в условия отправки шаблона: template_image_1
Рассылка отправлена для Досжан +7-775-018-00-77 в 2023-12-15 15:43:33


Отправляем рассылку для Максим +7-776-499-99-04 в 2023-12-15 15:49:11
Создали файл: beaf1651-0fc8-4bdc-a079-0e221fb02f6b
Заходим в условия отправки шаблона: template_image
Рассылка отправлена для Максим +7-776-499-99-04 в 2023-12-15 15:49:14


Отправляем рассылку для Даулет +7-777-212-29-05 в 2023-12-15 15:54:50
Создали файл: beaf1651-0fc8-4bdc-a079-0e221fb02f6b
Заходим в условия отправки шаблона: template_image_1
Рассылка отправлена для Даулет +7-777-212-29-05 в 2023-12-15 15:54:53


Отправляем рассылку для Касиет +7-777-120-00-11 в 2023-12-15 16:00:38
Создали файл: beaf1651-0fc8-4bdc-a079-0e221fb02f6b
Заходим в условия отправки шаблона: template_image_1
Рассылка отправлена для Касиет +7-777-120-00-11 в 2023-12-15 16:00:42


Отправляем рассылку для Koblan +7-700-225-10-50 в 2023-12-15 16:05:46
Создали файл: beaf1651-0fc8-4bdc-a079-0e221fb02f6b
Заходим в условия отправки шаблона: template_image
Рассылка отправлена для Koblan +7-700-225-10-50 в 2023-12-15 16:05:51


Отправляем рассылку для Лина +7-707-137-07-03 в 2023-12-15 16:11:11
Создали файл: beaf1651-0fc8-4bdc-a079-0e221fb02f6b
Заходим в условия отправки шаблона: template_image
Рассылка отправлена для Лина +7-707-137-07-03 в 2023-12-15 16:11:14


Отправляем рассылку для Asset +7-777-755-55-29 в 2023-12-15 16:16:24
Создали файл: beaf1651-0fc8-4bdc-a079-0e221fb02f6b
Заходим в условия отправки шаблона: template_image
Рассылка отправлена для Asset +7-777-755-55-29 в 2023-12-15 16:16:27


Отправляем рассылку для Assel +7-701-539-00-99 в 2023-12-15 16:21:51
Создали файл: beaf1651-0fc8-4bdc-a079-0e221fb02f6b
Заходим в условия отправки шаблона: template_image_1
Рассылка отправлена для Assel +7-701-539-00-99 в 2023-12-15 16:21:54


Отправляем рассылку для Рустем +7-775-888-70-39 в 2023-12-15 16:27:19
Создали файл: beaf1651-0fc8-4bdc-a079-0e221fb02f6b
Заходим в условия отправки шаблона: template_image_1
Рассылка отправлена для Рустем +7-775-888-70-39 в 2023-12-15 16:27:22


Отправляем рассылку для Жанара +7-707-170-10-23 в 2023-12-15 16:32:43
Создали файл: beaf1651-0fc8-4bdc-a079-0e221fb02f6b
Заходим в условия отправки шаблона: template_image_1
Рассылка отправлена для Жанара +7-707-170-10-23 в 2023-12-15 16:32:51


Отправляем рассылку для Аида +7-777-400-05-15 в 2023-12-15 16:38:25
Создали файл: beaf1651-0fc8-4bdc-a079-0e221fb02f6b
Заходим в условия отправки шаблона: template_image_1
Рассылка отправлена для Аида +7-777-400-05-15 в 2023-12-15 16:38:31


Отправляем рассылку для Жомарт +7-701-753-00-30 в 2023-12-15 16:44:19
Создали файл: beaf1651-0fc8-4bdc-a079-0e221fb02f6b
Заходим в условия отправки шаблона: template_image_1
Рассылка отправлена для Жомарт +7-701-753-00-30 в 2023-12-15 16:44:22


Отправляем рассылку для Anvar +7-701-778-51-77 в 2023-12-15 16:49:37
Создали файл: beaf1651-0fc8-4bdc-a079-0e221fb02f6b
Заходим в условия отправки шаблона: template_image
Рассылка отправлена для Anvar +7-701-778-51-77 в 2023-12-15 16:49:41


Отправляем рассылку для Карина +7-707-250-68-07 в 2023-12-15 16:54:52
Создали файл: beaf1651-0fc8-4bdc-a079-0e221fb02f6b
Заходим в условия отправки шаблона: template_image_1
Удаляем из рассылки: +7-707-250-68-07
Причина: Recipient is not a valid WhatsApp user


Отправляем рассылку для Никита +7-700-022-89-11 в 2023-12-15 17:00:20
Создали файл: beaf1651-0fc8-4bdc-a079-0e221fb02f6b
Заходим в условия отправки шаблона: template_image
Рассылка отправлена для Никита +7-700-022-89-11 в 2023-12-15 17:00:26


Отправляем рассылку для Малик +7-701-133-74-74 в 2023-12-15 17:06:06
Создали файл: beaf1651-0fc8-4bdc-a079-0e221fb02f6b
Заходим в условия отправки шаблона: template_image_1
Рассылка отправлена для Малик +7-701-133-74-74 в 2023-12-15 17:06:11


Отправляем рассылку для Чингиз +7-705-981-83-47 в 2023-12-15 17:11:40
Создали файл: beaf1651-0fc8-4bdc-a079-0e221fb02f6b
Заходим в условия отправки шаблона: template_image_1
Рассылка отправлена для Чингиз +7-705-981-83-47 в 2023-12-15 17:11:45


Отправляем рассылку для Нуржан +7-701-972-33-33 в 2023-12-15 17:16:45
Создали файл: beaf1651-0fc8-4bdc-a079-0e221fb02f6b
Заходим в условия отправки шаблона: template_image
Рассылка отправлена для Нуржан +7-701-972-33-33 в 2023-12-15 17:16:50


Отправляем рассылку для Дана +7-778-403-77-77 в 2023-12-15 17:22:39
Создали файл: beaf1651-0fc8-4bdc-a079-0e221fb02f6b
Заходим в условия отправки шаблона: template_image
Рассылка отправлена для Дана +7-778-403-77-77 в 2023-12-15 17:22:42


Отправляем рассылку для Rollan +7-701-520-07-33 в 2023-12-15 17:28:02
Создали файл: beaf1651-0fc8-4bdc-a079-0e221fb02f6b
Заходим в условия отправки шаблона: template_image_1
Рассылка отправлена для Rollan +7-701-520-07-33 в 2023-12-15 17:28:05


Отправляем рассылку для Azida +7-700-000-13-73 в 2023-12-15 17:33:15
Создали файл: beaf1651-0fc8-4bdc-a079-0e221fb02f6b
Заходим в условия отправки шаблона: template_image
Рассылка отправлена для Azida +7-700-000-13-73 в 2023-12-15 17:33:18


Отправляем рассылку для Сардарбек +7-707-647-20-97 в 2023-12-15 17:38:32
Создали файл: beaf1651-0fc8-4bdc-a079-0e221fb02f6b
Заходим в условия отправки шаблона: template_image
Рассылка отправлена для Сардарбек +7-707-647-20-97 в 2023-12-15 17:38:36


Отправляем рассылку для Магжан +7-702-789-90-77 в 2023-12-15 17:43:48
Создали файл: beaf1651-0fc8-4bdc-a079-0e221fb02f6b
Заходим в условия отправки шаблона: template_image
Рассылка отправлена для Магжан +7-702-789-90-77 в 2023-12-15 17:43:53


Отправляем рассылку для Данияр +7-707-777-25-05 в 2023-12-15 17:49:29
Создали файл: beaf1651-0fc8-4bdc-a079-0e221fb02f6b
Заходим в условия отправки шаблона: template_image
Рассылка отправлена для Данияр +7-707-777-25-05 в 2023-12-15 17:49:33


Отправляем рассылку для Юлдаш +7-708-900-77-76 в 2023-12-15 17:55:07
Создали файл: beaf1651-0fc8-4bdc-a079-0e221fb02f6b
Заходим в условия отправки шаблона: template_image_1
Рассылка отправлена для Юлдаш +7-708-900-77-76 в 2023-12-15 17:55:10

PHP Fatal error:  Uncaught Error: Call to a member function fetch_object() on boolean in /var/www/www-root/data/www/signcrm.kz/tools/db_mysqli.php:461
Stack trace:
#0 /var/www/www-root/data/www/signcrm.kz/_properties.php(2382): DB->getRow('SELECT * FROM m...', true)
#1 /var/www/www-root/data/www/signcrm.kz/modules/whatsapp/newsletter.php(29): getSQLRowO('SELECT * FROM m...')
#2 {main}
  thrown in /var/www/www-root/data/www/signcrm.kz/tools/db_mysqli.php on line 461
PHP Warning:  Module 'zip' already loaded in Unknown on line 0

Отправляем рассылку для Валерий +7-708-151-98-08 в 2023-12-18 10:02:42
Создали файл: beaf1651-0fc8-4bdc-a079-0e221fb02f6b
Заходим в условия отправки шаблона: template_image
Рассылка отправлена для Валерий +7-708-151-98-08 в 2023-12-18 10:02:45


Отправляем рассылку для Руслан +7-747-547-88-87 в 2023-12-18 10:07:55
Создали файл: beaf1651-0fc8-4bdc-a079-0e221fb02f6b
Заходим в условия отправки шаблона: template_image_1
Рассылка отправлена для Руслан +7-747-547-88-87 в 2023-12-18 10:07:57


Отправляем рассылку для Zaur +7-705-444-06-04 в 2023-12-18 10:13:32
Создали файл: beaf1651-0fc8-4bdc-a079-0e221fb02f6b
Заходим в условия отправки шаблона: template_image_1
Рассылка отправлена для Zaur +7-705-444-06-04 в 2023-12-18 10:13:35


Отправляем рассылку для Тимур +7-708-008-08-81 в 2023-12-18 10:19:13
Создали файл: beaf1651-0fc8-4bdc-a079-0e221fb02f6b
Заходим в условия отправки шаблона: template_image
Рассылка отправлена для Тимур +7-708-008-08-81 в 2023-12-18 10:19:15


Отправляем рассылку для Юлий +7-701-555-01-27 в 2023-12-18 10:25:04
Создали файл: beaf1651-0fc8-4bdc-a079-0e221fb02f6b
Заходим в условия отправки шаблона: template_image
Рассылка отправлена для Юлий +7-701-555-01-27 в 2023-12-18 10:25:08


Отправляем рассылку для Albina +7-702-071-01-01 в 2023-12-18 10:30:35
Создали файл: beaf1651-0fc8-4bdc-a079-0e221fb02f6b
Заходим в условия отправки шаблона: template_image_1
Рассылка отправлена для Albina +7-702-071-01-01 в 2023-12-18 10:30:38


Отправляем рассылку для Viktor +7-707-787-80-78 в 2023-12-18 10:35:41
Создали файл: beaf1651-0fc8-4bdc-a079-0e221fb02f6b
Заходим в условия отправки шаблона: template_image_1
Рассылка отправлена для Viktor +7-707-787-80-78 в 2023-12-18 10:35:44


Отправляем рассылку для Адиль +7-701-731-86-01 в 2023-12-18 10:41:34
Создали файл: beaf1651-0fc8-4bdc-a079-0e221fb02f6b
Заходим в условия отправки шаблона: template_image
Рассылка отправлена для Адиль +7-701-731-86-01 в 2023-12-18 10:41:36


Отправляем рассылку для Азат  +7-707-702-30-00 в 2023-12-18 10:46:50
Создали файл: beaf1651-0fc8-4bdc-a079-0e221fb02f6b
Заходим в условия отправки шаблона: template_image
Рассылка отправлена для Азат  +7-707-702-30-00 в 2023-12-18 10:46:53


Отправляем рассылку для Marzhana +7-701-888-72-80 в 2023-12-18 10:52:05
Создали файл: beaf1651-0fc8-4bdc-a079-0e221fb02f6b
Заходим в условия отправки шаблона: template_image
Рассылка отправлена для Marzhana +7-701-888-72-80 в 2023-12-18 10:52:08


Отправляем рассылку для Дамир  +7-777-208-88-75 в 2023-12-18 10:57:32
Создали файл: beaf1651-0fc8-4bdc-a079-0e221fb02f6b
Заходим в условия отправки шаблона: template_image_1
Рассылка отправлена для Дамир  +7-777-208-88-75 в 2023-12-18 10:57:35


Отправляем рассылку для Илья +7-705-984-81-01 в 2023-12-18 11:03:25
Создали файл: beaf1651-0fc8-4bdc-a079-0e221fb02f6b
Заходим в условия отправки шаблона: template_image_1
Рассылка отправлена для Илья +7-705-984-81-01 в 2023-12-18 11:03:27


Отправляем рассылку для Шатмира +7-778-888-89-65 в 2023-12-18 11:09:11
Создали файл: beaf1651-0fc8-4bdc-a079-0e221fb02f6b
Заходим в условия отправки шаблона: template_image
Рассылка отправлена для Шатмира +7-778-888-89-65 в 2023-12-18 11:09:13


Отправляем рассылку для Зинаида +7-701-717-59-93 в 2023-12-18 11:14:23
Создали файл: beaf1651-0fc8-4bdc-a079-0e221fb02f6b
Заходим в условия отправки шаблона: template_image
Рассылка отправлена для Зинаида +7-701-717-59-93 в 2023-12-18 11:14:26


Отправляем рассылку для Азамат +7-705-184-67-59 в 2023-12-18 11:19:29
Создали файл: beaf1651-0fc8-4bdc-a079-0e221fb02f6b
Заходим в условия отправки шаблона: template_image
Рассылка отправлена для Азамат +7-705-184-67-59 в 2023-12-18 11:19:32


Отправляем рассылку для Илона +7-707-111-17-72 в 2023-12-18 11:25:04
Создали файл: beaf1651-0fc8-4bdc-a079-0e221fb02f6b
Заходим в условия отправки шаблона: template_image
Рассылка отправлена для Илона +7-707-111-17-72 в 2023-12-18 11:25:06


Отправляем рассылку для Акмаржан +7-777-500-74-02 в 2023-12-18 11:30:09
Создали файл: beaf1651-0fc8-4bdc-a079-0e221fb02f6b
Заходим в условия отправки шаблона: template_image
Рассылка отправлена для Акмаржан +7-777-500-74-02 в 2023-12-18 11:30:11


Отправляем рассылку для Данияр +7-701-845-99-39 в 2023-12-18 11:35:50
Создали файл: beaf1651-0fc8-4bdc-a079-0e221fb02f6b
Заходим в условия отправки шаблона: template_image
Рассылка отправлена для Данияр +7-701-845-99-39 в 2023-12-18 11:35:53


Отправляем рассылку для Бауржан +7-707-211-08-91 в 2023-12-18 11:41:22
Создали файл: beaf1651-0fc8-4bdc-a079-0e221fb02f6b
Заходим в условия отправки шаблона: template_image_1
Рассылка отправлена для Бауржан +7-707-211-08-91 в 2023-12-18 11:41:27


Отправляем рассылку для Федор +7-701-228-64-13 в 2023-12-18 11:46:27
Создали файл: beaf1651-0fc8-4bdc-a079-0e221fb02f6b
Заходим в условия отправки шаблона: template_image
Рассылка отправлена для Федор +7-701-228-64-13 в 2023-12-18 11:46:30


Отправляем рассылку для Абылайхан +7-707-463-19-81 в 2023-12-18 11:52:02
Создали файл: beaf1651-0fc8-4bdc-a079-0e221fb02f6b
Заходим в условия отправки шаблона: template_image
Удаляем из рассылки: +7-707-463-19-81
Причина: Recipient is not a valid WhatsApp user


Отправляем рассылку для Абылайхан +7-707-463-19-71 в 2023-12-18 11:57:10
Создали файл: beaf1651-0fc8-4bdc-a079-0e221fb02f6b
Заходим в условия отправки шаблона: template_image_1
Рассылка отправлена для Абылайхан +7-707-463-19-71 в 2023-12-18 11:57:13


Отправляем рассылку для Батырбек +7-708-143-66-13 в 2023-12-18 12:02:13
Создали файл: beaf1651-0fc8-4bdc-a079-0e221fb02f6b
Заходим в условия отправки шаблона: template_image_1
Рассылка отправлена для Батырбек +7-708-143-66-13 в 2023-12-18 12:02:19


Отправляем рассылку для Alikhan +7-700-333-33-07 в 2023-12-18 12:07:28
Создали файл: beaf1651-0fc8-4bdc-a079-0e221fb02f6b
Заходим в условия отправки шаблона: template_image
Рассылка отправлена для Alikhan +7-700-333-33-07 в 2023-12-18 12:07:34


Отправляем рассылку для Темирлан +7-777-888-85-95 в 2023-12-18 12:13:24
Создали файл: beaf1651-0fc8-4bdc-a079-0e221fb02f6b
Заходим в условия отправки шаблона: template_image
Рассылка отправлена для Темирлан +7-777-888-85-95 в 2023-12-18 12:13:29


Отправляем рассылку для Андрей  +7-707-270-10-10 в 2023-12-18 12:19:18
Создали файл: beaf1651-0fc8-4bdc-a079-0e221fb02f6b
Заходим в условия отправки шаблона: template_image
Рассылка отправлена для Андрей  +7-707-270-10-10 в 2023-12-18 12:19:20


Отправляем рассылку для Евгений  +7-747-481-61-49 в 2023-12-18 12:24:41
Создали файл: beaf1651-0fc8-4bdc-a079-0e221fb02f6b
Заходим в условия отправки шаблона: template_image
Рассылка отправлена для Евгений  +7-747-481-61-49 в 2023-12-18 12:24:44


Отправляем рассылку для Вячеслав  +7-701-228-58-33 в 2023-12-18 12:29:46
Создали файл: beaf1651-0fc8-4bdc-a079-0e221fb02f6b
Заходим в условия отправки шаблона: template_image
Рассылка отправлена для Вячеслав  +7-701-228-58-33 в 2023-12-18 12:29:50


Отправляем рассылку для Шехназ +7-701-514-37-75 в 2023-12-18 12:35:40
Создали файл: beaf1651-0fc8-4bdc-a079-0e221fb02f6b
Заходим в условия отправки шаблона: template_image
Рассылка отправлена для Шехназ +7-701-514-37-75 в 2023-12-18 12:35:43


Отправляем рассылку для Адлет +7-707-700-21-13 в 2023-12-18 12:41:10
Создали файл: beaf1651-0fc8-4bdc-a079-0e221fb02f6b
Заходим в условия отправки шаблона: template_image_1
Рассылка отправлена для Адлет +7-707-700-21-13 в 2023-12-18 12:41:13


Отправляем рассылку для Ануар +7-747-320-14-13 в 2023-12-18 12:46:18
Создали файл: beaf1651-0fc8-4bdc-a079-0e221fb02f6b
Заходим в условия отправки шаблона: template_image
Рассылка отправлена для Ануар +7-747-320-14-13 в 2023-12-18 12:46:21


Отправляем рассылку для Алишер +7-775-877-77-76 в 2023-12-18 12:51:33
Создали файл: 

Отправляем рассылку для Алишер +7-775-877-77-76 в 2023-12-18 12:56:56
Создали файл: beaf1651-0fc8-4bdc-a079-0e221fb02f6b
Заходим в условия отправки шаблона: template_image
Рассылка отправлена для Алишер +7-775-877-77-76 в 2023-12-18 12:57:03


Отправляем рассылку для Берлибек  +7-702-777-80-73 в 2023-12-18 13:02:14
Создали файл: beaf1651-0fc8-4bdc-a079-0e221fb02f6b
Заходим в условия отправки шаблона: template_image_1
Рассылка отправлена для Берлибек  +7-702-777-80-73 в 2023-12-18 13:02:17


Отправляем рассылку для Asset +7-777-964-88-88 в 2023-12-18 13:07:20
Создали файл: beaf1651-0fc8-4bdc-a079-0e221fb02f6b
Заходим в условия отправки шаблона: template_image_1
Рассылка отправлена для Asset +7-777-964-88-88 в 2023-12-18 13:07:23


Отправляем рассылку для Хазруди  +7-771-573-95-84 в 2023-12-18 13:12:59
Создали файл: beaf1651-0fc8-4bdc-a079-0e221fb02f6b
Заходим в условия отправки шаблона: template_image_1
Рассылка отправлена для Хазруди  +7-771-573-95-84 в 2023-12-18 13:13:02


Отправляем рассылку для Diana +7-777-738-22-22 в 2023-12-18 13:18:22
Создали файл: beaf1651-0fc8-4bdc-a079-0e221fb02f6b
Заходим в условия отправки шаблона: template_image_1
Рассылка отправлена для Diana +7-777-738-22-22 в 2023-12-18 13:18:31


Отправляем рассылку для Saniya +7-777-747-85-82 в 2023-12-18 13:24:15
Создали файл: beaf1651-0fc8-4bdc-a079-0e221fb02f6b
Заходим в условия отправки шаблона: template_image
Рассылка отправлена для Saniya +7-777-747-85-82 в 2023-12-18 13:24:18


Отправляем рассылку для Ибрагим +7-700-888-88-02 в 2023-12-18 13:29:56
Создали файл: beaf1651-0fc8-4bdc-a079-0e221fb02f6b
Заходим в условия отправки шаблона: template_image_1
Рассылка отправлена для Ибрагим +7-700-888-88-02 в 2023-12-18 13:29:59


Отправляем рассылку для Эмин +7-777-724-02-64 в 2023-12-18 13:35:05
Создали файл: beaf1651-0fc8-4bdc-a079-0e221fb02f6b
Заходим в условия отправки шаблона: template_image
Рассылка отправлена для Эмин +7-777-724-02-64 в 2023-12-18 13:35:09


Отправляем рассылку для Айдын +7-707-722-77-07 в 2023-12-18 13:40:13
Создали файл: beaf1651-0fc8-4bdc-a079-0e221fb02f6b
Заходим в условия отправки шаблона: template_image_1
Рассылка отправлена для Айдын +7-707-722-77-07 в 2023-12-18 13:40:15


Отправляем рассылку для Улан +7-707-330-03-30 в 2023-12-18 13:45:52
Создали файл: beaf1651-0fc8-4bdc-a079-0e221fb02f6b
Заходим в условия отправки шаблона: template_image
Рассылка отправлена для Улан +7-707-330-03-30 в 2023-12-18 13:45:55


Отправляем рассылку для Nurgali +7-707-555-09-90 в 2023-12-18 13:51:36
Создали файл: beaf1651-0fc8-4bdc-a079-0e221fb02f6b
Заходим в условия отправки шаблона: template_image
Рассылка отправлена для Nurgali +7-707-555-09-90 в 2023-12-18 13:51:41


Отправляем рассылку для Алия +7-701-788-95-29 в 2023-12-18 13:57:10
Создали файл: beaf1651-0fc8-4bdc-a079-0e221fb02f6b
Заходим в условия отправки шаблона: template_image
Рассылка отправлена для Алия +7-701-788-95-29 в 2023-12-18 13:57:13


Отправляем рассылку для Руслан +7-771-017-77-75 в 2023-12-18 14:02:16
Создали файл: beaf1651-0fc8-4bdc-a079-0e221fb02f6b
Заходим в условия отправки шаблона: template_image
Рассылка отправлена для Руслан +7-771-017-77-75 в 2023-12-18 14:02:19


Отправляем рассылку для Бахытжан +7-702-153-99-03 в 2023-12-18 14:07:29
Создали файл: beaf1651-0fc8-4bdc-a079-0e221fb02f6b
Заходим в условия отправки шаблона: template_image
Рассылка отправлена для Бахытжан +7-702-153-99-03 в 2023-12-18 14:07:34


Отправляем рассылку для Эдуард +7-776-122-33-30 в 2023-12-18 14:12:44
Создали файл: beaf1651-0fc8-4bdc-a079-0e221fb02f6b
Заходим в условия отправки шаблона: template_image_1
Рассылка отправлена для Эдуард +7-776-122-33-30 в 2023-12-18 14:12:47


Отправляем рассылку для Diana +7-702-237-84-18 в 2023-12-18 14:18:28
Создали файл: beaf1651-0fc8-4bdc-a079-0e221fb02f6b
Заходим в условия отправки шаблона: template_image_1
Рассылка отправлена для Diana +7-702-237-84-18 в 2023-12-18 14:18:31


Отправляем рассылку для Berik +7-700-101-10-94 в 2023-12-18 14:23:40
Создали файл: beaf1651-0fc8-4bdc-a079-0e221fb02f6b
Заходим в условия отправки шаблона: template_image
Рассылка отправлена для Berik +7-700-101-10-94 в 2023-12-18 14:23:46


Отправляем рассылку для Dmitriy +7-707-141-19-06 в 2023-12-18 14:29:03
Создали файл: beaf1651-0fc8-4bdc-a079-0e221fb02f6b
Заходим в условия отправки шаблона: template_image
Рассылка отправлена для Dmitriy +7-707-141-19-06 в 2023-12-18 14:29:08

Закрываем рассылку: 1195

PHP Fatal error:  Uncaught Error: Call to a member function fetch_object() on boolean in /var/www/www-root/data/www/signcrm.kz/tools/db_mysqli.php:461
Stack trace:
#0 /var/www/www-root/data/www/signcrm.kz/_properties.php(2382): DB->getRow('SELECT * FROM m...', true)
#1 /var/www/www-root/data/www/signcrm.kz/modules/whatsapp/newsletter.php(29): getSQLRowO('SELECT * FROM m...')
#2 {main}
  thrown in /var/www/www-root/data/www/signcrm.kz/tools/db_mysqli.php on line 461
PHP Warning:  Module 'zip' already loaded in Unknown on line 0
PHP Fatal error:  Uncaught Error: Call to a member function fetch_object() on boolean in /var/www/www-root/data/www/signcrm.kz/tools/db_mysqli.php:461
Stack trace:
#0 /var/www/www-root/data/www/signcrm.kz/_properties.php(2382): DB->getRow('SELECT * FROM m...', true)
#1 /var/www/www-root/data/www/signcrm.kz/modules/whatsapp/newsletter.php(29): getSQLRowO('SELECT * FROM m...')
#2 {main}
  thrown in /var/www/www-root/data/www/signcrm.kz/tools/db_mysqli.php on line 461
PHP Warning:  Module 'zip' already loaded in Unknown on line 0
PHP Fatal error:  Uncaught Error: Call to a member function fetch_object() on boolean in /var/www/www-root/data/www/signcrm.kz/tools/db_mysqli.php:461
Stack trace:
#0 /var/www/www-root/data/www/signcrm.kz/_properties.php(2382): DB->getRow('SELECT * FROM m...', true)
#1 /var/www/www-root/data/www/signcrm.kz/modules/whatsapp/newsletter.php(29): getSQLRowO('SELECT * FROM m...')
#2 {main}
  thrown in /var/www/www-root/data/www/signcrm.kz/tools/db_mysqli.php on line 461
PHP Warning:  Module 'zip' already loaded in Unknown on line 0
PHP Fatal error:  Uncaught Error: Call to a member function fetch_object() on boolean in /var/www/www-root/data/www/signcrm.kz/tools/db_mysqli.php:461
Stack trace:
#0 /var/www/www-root/data/www/signcrm.kz/_properties.php(2382): DB->getRow('SELECT * FROM m...', true)
#1 /var/www/www-root/data/www/signcrm.kz/modules/whatsapp/newsletter.php(29): getSQLRowO('SELECT * FROM m...')
#2 {main}
  thrown in /var/www/www-root/data/www/signcrm.kz/tools/db_mysqli.php on line 461
PHP Warning:  Module 'zip' already loaded in Unknown on line 0
PHP Fatal error:  Uncaught Error: Call to a member function fetch_object() on boolean in /var/www/www-root/data/www/signcrm.kz/tools/db_mysqli.php:461
Stack trace:
#0 /var/www/www-root/data/www/signcrm.kz/_properties.php(2382): DB->getRow('SELECT * FROM m...', true)
#1 /var/www/www-root/data/www/signcrm.kz/modules/whatsapp/newsletter.php(29): getSQLRowO('SELECT * FROM m...')
#2 {main}
  thrown in /var/www/www-root/data/www/signcrm.kz/tools/db_mysqli.php on line 461
PHP Warning:  Module 'zip' already loaded in Unknown on line 0
PHP Fatal error:  Uncaught Error: Call to a member function fetch_object() on boolean in /var/www/www-root/data/www/signcrm.kz/tools/db_mysqli.php:461
Stack trace:
#0 /var/www/www-root/data/www/signcrm.kz/_properties.php(2382): DB->getRow('SELECT * FROM m...', true)
#1 /var/www/www-root/data/www/signcrm.kz/modules/whatsapp/newsletter.php(29): getSQLRowO('SELECT * FROM m...')
#2 {main}
  thrown in /var/www/www-root/data/www/signcrm.kz/tools/db_mysqli.php on line 461
PHP Warning:  Module 'zip' already loaded in Unknown on line 0
PHP Fatal error:  Uncaught Error: Call to a member function fetch_object() on boolean in /var/www/www-root/data/www/signcrm.kz/tools/db_mysqli.php:461
Stack trace:
#0 /var/www/www-root/data/www/signcrm.kz/_properties.php(2382): DB->getRow('SELECT * FROM m...', true)
#1 /var/www/www-root/data/www/signcrm.kz/modules/whatsapp/newsletter.php(29): getSQLRowO('SELECT * FROM m...')
#2 {main}
  thrown in /var/www/www-root/data/www/signcrm.kz/tools/db_mysqli.php on line 461
PHP Warning:  Module 'zip' already loaded in Unknown on line 0
PHP Fatal error:  Uncaught Error: Call to a member function fetch_object() on boolean in /var/www/www-root/data/www/signcrm.kz/tools/db_mysqli.php:461
Stack trace:
#0 /var/www/www-root/data/www/signcrm.kz/_properties.php(2382): DB->getRow('SELECT * FROM m...', true)
#1 /var/www/www-root/data/www/signcrm.kz/modules/whatsapp/newsletter.php(29): getSQLRowO('SELECT * FROM m...')
#2 {main}
  thrown in /var/www/www-root/data/www/signcrm.kz/tools/db_mysqli.php on line 461
PHP Warning:  Module 'zip' already loaded in Unknown on line 0
PHP Fatal error:  Uncaught Error: Call to a member function fetch_object() on boolean in /var/www/www-root/data/www/signcrm.kz/tools/db_mysqli.php:461
Stack trace:
#0 /var/www/www-root/data/www/signcrm.kz/_properties.php(2382): DB->getRow('SELECT * FROM m...', true)
#1 /var/www/www-root/data/www/signcrm.kz/modules/whatsapp/newsletter.php(29): getSQLRowO('SELECT * FROM m...')
#2 {main}
  thrown in /var/www/www-root/data/www/signcrm.kz/tools/db_mysqli.php on line 461
PHP Warning:  Module 'zip' already loaded in Unknown on line 0
PHP Fatal error:  Uncaught Error: Call to a member function fetch_object() on boolean in /var/www/www-root/data/www/signcrm.kz/tools/db_mysqli.php:461
Stack trace:
#0 /var/www/www-root/data/www/signcrm.kz/_properties.php(2382): DB->getRow('SELECT * FROM m...', true)
#1 /var/www/www-root/data/www/signcrm.kz/modules/whatsapp/newsletter.php(29): getSQLRowO('SELECT * FROM m...')
#2 {main}
  thrown in /var/www/www-root/data/www/signcrm.kz/tools/db_mysqli.php on line 461
PHP Warning:  Module 'zip' already loaded in Unknown on line 0
PHP Fatal error:  Uncaught Error: Call to a member function fetch_object() on boolean in /var/www/www-root/data/www/signcrm.kz/tools/db_mysqli.php:461
Stack trace:
#0 /var/www/www-root/data/www/signcrm.kz/_properties.php(2382): DB->getRow('SELECT * FROM m...', true)
#1 /var/www/www-root/data/www/signcrm.kz/modules/whatsapp/newsletter.php(29): getSQLRowO('SELECT * FROM m...')
#2 {main}
  thrown in /var/www/www-root/data/www/signcrm.kz/tools/db_mysqli.php on line 461
PHP Warning:  Module 'zip' already loaded in Unknown on line 0
PHP Fatal error:  Uncaught Error: Call to a member function fetch_object() on boolean in /var/www/www-root/data/www/signcrm.kz/tools/db_mysqli.php:461
Stack trace:
#0 /var/www/www-root/data/www/signcrm.kz/_properties.php(2382): DB->getRow('SELECT * FROM m...', true)
#1 /var/www/www-root/data/www/signcrm.kz/modules/whatsapp/newsletter.php(29): getSQLRowO('SELECT * FROM m...')
#2 {main}
  thrown in /var/www/www-root/data/www/signcrm.kz/tools/db_mysqli.php on line 461
PHP Warning:  Module 'zip' already loaded in Unknown on line 0
PHP Fatal error:  Uncaught Error: Call to a member function fetch_object() on boolean in /var/www/www-root/data/www/signcrm.kz/tools/db_mysqli.php:461
Stack trace:
#0 /var/www/www-root/data/www/signcrm.kz/_properties.php(2382): DB->getRow('SELECT * FROM m...', true)
#1 /var/www/www-root/data/www/signcrm.kz/modules/whatsapp/newsletter.php(29): getSQLRowO('SELECT * FROM m...')
#2 {main}
  thrown in /var/www/www-root/data/www/signcrm.kz/tools/db_mysqli.php on line 461
PHP Warning:  Module 'zip' already loaded in Unknown on line 0
PHP Fatal error:  Uncaught Error: Call to a member function fetch_object() on boolean in /var/www/www-root/data/www/signcrm.kz/tools/db_mysqli.php:461
Stack trace:
#0 /var/www/www-root/data/www/signcrm.kz/_properties.php(2382): DB->getRow('SELECT * FROM m...', true)
#1 /var/www/www-root/data/www/signcrm.kz/modules/whatsapp/newsletter.php(29): getSQLRowO('SELECT * FROM m...')
#2 {main}
  thrown in /var/www/www-root/data/www/signcrm.kz/tools/db_mysqli.php on line 461
PHP Warning:  Module 'zip' already loaded in Unknown on line 0
PHP Fatal error:  Uncaught Error: Call to a member function fetch_object() on boolean in /var/www/www-root/data/www/signcrm.kz/tools/db_mysqli.php:461
Stack trace:
#0 /var/www/www-root/data/www/signcrm.kz/_properties.php(2382): DB->getRow('SELECT * FROM m...', true)
#1 /var/www/www-root/data/www/signcrm.kz/modules/whatsapp/newsletter.php(29): getSQLRowO('SELECT * FROM m...')
#2 {main}
  thrown in /var/www/www-root/data/www/signcrm.kz/tools/db_mysqli.php on line 461
PHP Warning:  Module 'zip' already loaded in Unknown on line 0
PHP Fatal error:  Uncaught Error: Call to a member function fetch_object() on boolean in /var/www/www-root/data/www/signcrm.kz/tools/db_mysqli.php:461
Stack trace:
#0 /var/www/www-root/data/www/signcrm.kz/_properties.php(2383): DB->getRow('SELECT * FROM m...', true)
#1 /var/www/www-root/data/www/signcrm.kz/modules/whatsapp/newsletter.php(29): getSQLRowO('SELECT * FROM m...')
#2 {main}
  thrown in /var/www/www-root/data/www/signcrm.kz/tools/db_mysqli.php on line 461
PHP Warning:  Module 'zip' already loaded in Unknown on line 0
PHP Fatal error:  Uncaught Error: Call to a member function fetch_object() on boolean in /var/www/www-root/data/www/signcrm.kz/tools/db_mysqli.php:461
Stack trace:
#0 /var/www/www-root/data/www/signcrm.kz/_properties.php(2382): DB->getRow('SELECT * FROM m...', true)
#1 /var/www/www-root/data/www/signcrm.kz/modules/whatsapp/newsletter.php(29): getSQLRowO('SELECT * FROM m...')
#2 {main}
  thrown in /var/www/www-root/data/www/signcrm.kz/tools/db_mysqli.php on line 461
PHP Warning:  Module 'zip' already loaded in Unknown on line 0
PHP Warning:  Module 'zip' already loaded in Unknown on line 0
PHP Warning:  Module 'zip' already loaded in Unknown on line 0
PHP Warning:  Module 'zip' already loaded in Unknown on line 0
PHP Warning:  Module 'zip' already loaded in Unknown on line 0
PHP Fatal error:  Uncaught Error: Call to a member function fetch_object() on boolean in /var/www/www-root/data/www/signcrm.kz/tools/db_mysqli.php:461
Stack trace:
#0 /var/www/www-root/data/www/signcrm.kz/_properties.php(2389): DB->getRow('SELECT * FROM m...', true)
#1 /var/www/www-root/data/www/signcrm.kz/modules/whatsapp/newsletter.php(29): getSQLRowO('SELECT * FROM m...')
#2 {main}
  thrown in /var/www/www-root/data/www/signcrm.kz/tools/db_mysqli.php on line 461
PHP Warning:  Module 'zip' already loaded in Unknown on line 0
